<?xml version="1.0" encoding="UTF-8"?>
<!-- Generated by org.testng.reporters.JUnitReportReporter -->
<testsuite skipped="0" hostname="IVF111" name="com_Gemino_Test.LoginPageTest" tests="4" failures="0" timestamp="04 Oct 2018 12:23:27 GMT" time="38.183" errors="0">
  <testcase name="InvalidUsernameNInvalidPasswordTest" time="5.752" classname="com_Gemino_Test.LoginPageTest"/>
  <testcase name="InvalidUsernameNValidPasswordTest" time="6.556" classname="com_Gemino_Test.LoginPageTest"/>
  <testcase name="ValidUsernameNInValidPasswordTest" time="12.983" classname="com_Gemino_Test.LoginPageTest"/>
  <testcase name="ValidUsernameNValidPasswordTest" time="12.892" classname="com_Gemino_Test.LoginPageTest"/>
</testsuite> <!-- com_Gemino_Test.LoginPageTest -->
