<?xml version="1.0" encoding="UTF-8"?>
<!-- Generated by org.testng.reporters.JUnitReportReporter -->
<testsuite skipped="0" hostname="IVF111" name="com_Gemino_Test.UserPageTest" tests="3" failures="0" timestamp="30 Oct 2018 09:00:16 GMT" time="78.176" errors="0">
  <testcase name="AddNewDoctorTest" time="30.470" classname="com_Gemino_Test.UserPageTest"/>
  <testcase name="MessageForEmbtyUserForm" time="20.015" classname="com_Gemino_Test.UserPageTest"/>
  <testcase name="AddNewStaffTest" time="27.691" classname="com_Gemino_Test.UserPageTest"/>
</testsuite> <!-- com_Gemino_Test.UserPageTest -->
