<?xml version="1.0" encoding="UTF-8"?>
<!-- Generated by org.testng.reporters.JUnitReportReporter -->
<testsuite skipped="4" hostname="ivf10002" name="Gemino.Gemino.LoginPageTest" tests="5" failures="0" timestamp="11 Jun 2018 10:20:31 GMT" time="0.140" errors="1">
  <testcase name="setup" time="0.139" classname="Gemino.Gemino.LoginPageTest">
    <error type="java.lang.IllegalStateException" message="The driver executable does not exist: D:\Priya\gemino_Local\Branches\Geminoproject\resources\chromedriver.exe">
      <![CDATA[java.lang.IllegalStateException: The driver executable does not exist: D:\Priya\gemino_Local\Branches\Geminoproject\resources\chromedriver.exe
	at com.google.common.base.Preconditions.checkState(Preconditions.java:534)
	at org.openqa.selenium.remote.service.DriverService.checkExecutable(DriverService.java:136)
	at org.openqa.selenium.remote.service.DriverService.findExecutable(DriverService.java:131)
	at org.openqa.selenium.chrome.ChromeDriverService.access$000(ChromeDriverService.java:32)
	at org.openqa.selenium.chrome.ChromeDriverService$Builder.findDefaultExecutable(ChromeDriverService.java:137)
	at org.openqa.selenium.remote.service.DriverService$Builder.build(DriverService.java:329)
	at org.openqa.selenium.chrome.ChromeDriverService.createDefaultService(ChromeDriverService.java:88)
	at org.openqa.selenium.chrome.ChromeDriver.<init>(ChromeDriver.java:124)
	at Gemino.Gemino.Main.Setup(Main.java:23)
	at Gemino.Gemino.LoginPageTest.setup(LoginPageTest.java:26)
	at sun.reflect.NativeMethodAccessorImpl.invoke0(Native Method)
	at sun.reflect.NativeMethodAccessorImpl.invoke(Unknown Source)
	at sun.reflect.DelegatingMethodAccessorImpl.invoke(Unknown Source)
	at java.lang.reflect.Method.invoke(Unknown Source)
	at org.testng.internal.MethodInvocationHelper.invokeMethod(MethodInvocationHelper.java:108)
	at org.testng.internal.Invoker.invokeConfigurationMethod(Invoker.java:523)
	at org.testng.internal.Invoker.invokeConfigurations(Invoker.java:224)
	at org.testng.internal.Invoker.invokeMethod(Invoker.java:599)
	at org.testng.internal.Invoker.invokeTestMethod(Invoker.java:869)
	at org.testng.internal.Invoker.invokeTestMethods(Invoker.java:1193)
	at org.testng.internal.TestMethodWorker.invokeTestMethods(TestMethodWorker.java:126)
	at org.testng.internal.TestMethodWorker.run(TestMethodWorker.java:109)
	at org.testng.TestRunner.privateRun(TestRunner.java:744)
	at org.testng.TestRunner.run(TestRunner.java:602)
	at org.testng.SuiteRunner.runTest(SuiteRunner.java:380)
	at org.testng.SuiteRunner.runSequentially(SuiteRunner.java:375)
	at org.testng.SuiteRunner.privateRun(SuiteRunner.java:340)
	at org.testng.SuiteRunner.run(SuiteRunner.java:289)
	at org.testng.SuiteRunnerWorker.runSuite(SuiteRunnerWorker.java:52)
	at org.testng.SuiteRunnerWorker.run(SuiteRunnerWorker.java:86)
	at org.testng.TestNG.runSuitesSequentially(TestNG.java:1301)
	at org.testng.TestNG.runSuitesLocally(TestNG.java:1226)
	at org.testng.TestNG.runSuites(TestNG.java:1144)
	at org.testng.TestNG.run(TestNG.java:1115)
	at org.testng.remote.AbstractRemoteTestNG.run(AbstractRemoteTestNG.java:132)
	at org.testng.remote.RemoteTestNG.initAndRun(RemoteTestNG.java:230)
	at org.testng.remote.RemoteTestNG.main(RemoteTestNG.java:76)
]]>
    </error>
  </testcase> <!-- setup -->
  <testcase name="InvalidUsernameNInvalidPasswordTest" time="0.001" classname="Gemino.Gemino.LoginPageTest">
    <skipped/>
  </testcase> <!-- InvalidUsernameNInvalidPasswordTest -->
  <testcase name="InvalidUsernameNValidPasswordTest" time="0.000" classname="Gemino.Gemino.LoginPageTest">
    <skipped/>
  </testcase> <!-- InvalidUsernameNValidPasswordTest -->
  <testcase name="ValidUsernameNInValidPasswordTest" time="0.000" classname="Gemino.Gemino.LoginPageTest">
    <skipped/>
  </testcase> <!-- ValidUsernameNInValidPasswordTest -->
  <testcase name="ValidUsernameNValidPasswordTest" time="0.000" classname="Gemino.Gemino.LoginPageTest">
    <skipped/>
  </testcase> <!-- ValidUsernameNValidPasswordTest -->
</testsuite> <!-- Gemino.Gemino.LoginPageTest -->
